<?xml version="1.0" encoding="UTF-8"?>
<!-- Generated by org.testng.reporters.JUnitReportReporter -->
<testsuite hostname="DESKTOP-46ACNQV" failures="0" tests="1" name="Basic.organizationsTest" time="4.787" errors="0" timestamp="2024-03-18T12:59:11 IST" skipped="0">
  <testcase classname="Basic.organizationsTest" name="createOrganizationsTest" time="4.787"/>
  <system-out/>
</testsuite> <!-- Basic.organizationsTest -->
